{"contracts/libraries/oz/clone.sol":{"l":{"26":0,"33":0,"44":0,"51":0,"62":0,"82":0},"path":"/Users/mohamedhashimaslam/work/parcel/contractss-draft/contracts/libraries/oz/clone.sol","s":{"1":0,"2":0,"3":0},"b":{"1":[0,0],"2":[0,0]},"f":{"1":0,"2":0,"3":0,"4":0},"fnMap":{"1":{"name":"clone","line":25,"loc":{"start":{"line":25,"column":4},"end":{"line":34,"column":4}}},"2":{"name":"cloneDeterministic","line":43,"loc":{"start":{"line":43,"column":4},"end":{"line":52,"column":4}}},"3":{"name":"predictDeterministicAddress","line":57,"loc":{"start":{"line":57,"column":4},"end":{"line":72,"column":4}}},"4":{"name":"predictDeterministicAddress","line":77,"loc":{"start":{"line":77,"column":4},"end":{"line":83,"column":4}}}},"statementMap":{"1":{"start":{"line":33,"column":8},"end":{"line":33,"column":64}},"2":{"start":{"line":51,"column":8},"end":{"line":51,"column":65}},"3":{"start":{"line":82,"column":8},"end":{"line":82,"column":79}}},"branchMap":{"1":{"line":33,"type":"if","locations":[{"start":{"line":33,"column":8},"end":{"line":33,"column":8}},{"start":{"line":33,"column":8},"end":{"line":33,"column":8}}]},"2":{"line":51,"type":"if","locations":[{"start":{"line":51,"column":8},"end":{"line":51,"column":8}},{"start":{"line":51,"column":8},"end":{"line":51,"column":8}}]}}},"contracts/modules/linearVesting.sol":{"l":{"66":0,"67":0,"68":0,"93":0,"98":0,"101":0,"107":0,"110":0,"111":0,"120":0,"121":0,"122":0,"175":0,"176":0,"185":0,"186":0,"190":0,"193":0,"201":0,"202":0,"203":0,"204":0,"205":0,"206":0,"210":0,"219":0,"220":0,"221":0,"222":0,"223":0,"224":0,"225":0,"229":0,"247":0,"248":0,"253":0,"261":0,"262":0,"266":0},"path":"/Users/mohamedhashimaslam/work/parcel/contractss-draft/contracts/modules/linearVesting.sol","s":{"1":0,"2":0,"3":0,"4":0,"5":0,"6":0,"7":0,"8":0,"9":0,"10":0,"11":0,"12":0,"13":0,"14":0,"15":0,"16":0,"17":0,"18":0,"19":0,"20":0,"21":0,"22":0,"23":0,"24":0,"25":0,"26":0,"27":0,"28":0,"29":0,"30":0,"31":0,"32":0,"33":0,"34":0,"35":0,"36":0,"37":0,"38":0,"39":0},"b":{"1":[0,0],"2":[0,0],"3":[0,0],"4":[0,0],"5":[0,0],"6":[0,0],"7":[0,0],"8":[0,0],"9":[0,0],"10":[0,0],"11":[0,0]},"f":{"1":0,"2":0,"3":0,"4":0,"5":0,"6":0,"7":0},"fnMap":{"1":{"name":"init","line":65,"loc":{"start":{"line":61,"column":2},"end":{"line":69,"column":2}}},"2":{"name":"vest","line":91,"loc":{"start":{"line":83,"column":2},"end":{"line":123,"column":2}}},"3":{"name":"beneificary","line":174,"loc":{"start":{"line":174,"column":2},"end":{"line":177,"column":2}}},"4":{"name":"claim","line":184,"loc":{"start":{"line":184,"column":2},"end":{"line":211,"column":2}}},"5":{"name":"rug","line":218,"loc":{"start":{"line":218,"column":2},"end":{"line":230,"column":2}}},"6":{"name":"calcDistribution","line":240,"loc":{"start":{"line":240,"column":2},"end":{"line":254,"column":2}}},"7":{"name":"withdraw","line":260,"loc":{"start":{"line":260,"column":2},"end":{"line":267,"column":2}}}},"statementMap":{"1":{"start":{"line":66,"column":4},"end":{"line":66,"column":23}},"2":{"start":{"line":67,"column":4},"end":{"line":67,"column":13}},"3":{"start":{"line":68,"column":4},"end":{"line":68,"column":25}},"4":{"start":{"line":93,"column":4},"end":{"line":93,"column":2684}},"5":{"start":{"line":98,"column":4},"end":{"line":98,"column":41}},"6":{"start":{"line":101,"column":4},"end":{"line":101,"column":2893}},"7":{"start":{"line":107,"column":4},"end":{"line":107,"column":57}},"8":{"start":{"line":110,"column":4},"end":{"line":110,"column":60}},"9":{"start":{"line":111,"column":4},"end":{"line":111,"column":3195}},"10":{"start":{"line":120,"column":4},"end":{"line":120,"column":55}},"11":{"start":{"line":121,"column":4},"end":{"line":121,"column":41}},"12":{"start":{"line":122,"column":4},"end":{"line":122,"column":91}},"13":{"start":{"line":175,"column":4},"end":{"line":175,"column":61}},"14":{"start":{"line":176,"column":4},"end":{"line":176,"column":22}},"15":{"start":{"line":185,"column":4},"end":{"line":185,"column":66}},"16":{"start":{"line":186,"column":4},"end":{"line":186,"column":5995}},"17":{"start":{"line":190,"column":4},"end":{"line":190,"column":62}},"18":{"start":{"line":193,"column":4},"end":{"line":193,"column":6202}},"19":{"start":{"line":201,"column":4},"end":{"line":201,"column":73}},"20":{"start":{"line":202,"column":4},"end":{"line":202,"column":62}},"21":{"start":{"line":203,"column":4},"end":{"line":203,"column":34}},"22":{"start":{"line":204,"column":4},"end":{"line":204,"column":69}},"23":{"start":{"line":205,"column":4},"end":{"line":205,"column":42}},"24":{"start":{"line":206,"column":4},"end":{"line":206,"column":6729}},"25":{"start":{"line":210,"column":4},"end":{"line":210,"column":66}},"26":{"start":{"line":219,"column":4},"end":{"line":219,"column":62}},"27":{"start":{"line":220,"column":4},"end":{"line":220,"column":58}},"28":{"start":{"line":221,"column":4},"end":{"line":221,"column":77}},"29":{"start":{"line":222,"column":4},"end":{"line":222,"column":68}},"30":{"start":{"line":223,"column":4},"end":{"line":223,"column":27}},"31":{"start":{"line":224,"column":4},"end":{"line":224,"column":70}},"32":{"start":{"line":225,"column":4},"end":{"line":225,"column":7587}},"33":{"start":{"line":229,"column":4},"end":{"line":229,"column":55}},"34":{"start":{"line":247,"column":4},"end":{"line":247,"column":8377}},"35":{"start":{"line":248,"column":6},"end":{"line":248,"column":14}},"36":{"start":{"line":253,"column":4},"end":{"line":253,"column":71}},"37":{"start":{"line":261,"column":4},"end":{"line":261,"column":32}},"38":{"start":{"line":262,"column":4},"end":{"line":262,"column":8866}},"39":{"start":{"line":266,"column":4},"end":{"line":266,"column":71}}},"branchMap":{"1":{"line":93,"type":"if","locations":[{"start":{"line":93,"column":4},"end":{"line":93,"column":4}},{"start":{"line":93,"column":4},"end":{"line":93,"column":4}}]},"2":{"line":101,"type":"if","locations":[{"start":{"line":101,"column":4},"end":{"line":101,"column":4}},{"start":{"line":101,"column":4},"end":{"line":101,"column":4}}]},"3":{"line":186,"type":"if","locations":[{"start":{"line":186,"column":4},"end":{"line":186,"column":4}},{"start":{"line":186,"column":4},"end":{"line":186,"column":4}}]},"4":{"line":190,"type":"if","locations":[{"start":{"line":190,"column":4},"end":{"line":190,"column":4}},{"start":{"line":190,"column":4},"end":{"line":190,"column":4}}]},"5":{"line":206,"type":"if","locations":[{"start":{"line":206,"column":4},"end":{"line":206,"column":4}},{"start":{"line":206,"column":4},"end":{"line":206,"column":4}}]},"6":{"line":220,"type":"if","locations":[{"start":{"line":220,"column":4},"end":{"line":220,"column":4}},{"start":{"line":220,"column":4},"end":{"line":220,"column":4}}]},"7":{"line":222,"type":"if","locations":[{"start":{"line":222,"column":4},"end":{"line":222,"column":4}},{"start":{"line":222,"column":4},"end":{"line":222,"column":4}}]},"8":{"line":225,"type":"if","locations":[{"start":{"line":225,"column":4},"end":{"line":225,"column":4}},{"start":{"line":225,"column":4},"end":{"line":225,"column":4}}]},"9":{"line":247,"type":"if","locations":[{"start":{"line":247,"column":4},"end":{"line":247,"column":4}},{"start":{"line":247,"column":4},"end":{"line":247,"column":4}}]},"10":{"line":262,"type":"if","locations":[{"start":{"line":262,"column":4},"end":{"line":262,"column":4}},{"start":{"line":262,"column":4},"end":{"line":262,"column":4}}]},"11":{"line":266,"type":"if","locations":[{"start":{"line":266,"column":4},"end":{"line":266,"column":4}},{"start":{"line":266,"column":4},"end":{"line":266,"column":4}}]}}},"contracts/modules/ownershipNft.sol":{"l":{"19":0,"20":0,"21":0,"22":0,"32":0,"41":0},"path":"/Users/mohamedhashimaslam/work/parcel/contractss-draft/contracts/modules/ownershipNft.sol","s":{"1":0,"2":0,"3":0,"4":0,"5":0,"6":0},"b":{},"f":{"1":0,"2":0,"3":0,"4":0},"fnMap":{"1":{"name":"constructor","line":16,"loc":{"start":{"line":16,"column":2},"end":{"line":16,"column":60}}},"2":{"name":"mintNft","line":18,"loc":{"start":{"line":18,"column":2},"end":{"line":23,"column":2}}},"3":{"name":"_beforeTokenTransfer","line":27,"loc":{"start":{"line":27,"column":2},"end":{"line":33,"column":2}}},"4":{"name":"supportsInterface","line":35,"loc":{"start":{"line":35,"column":2},"end":{"line":42,"column":2}}}},"statementMap":{"1":{"start":{"line":19,"column":4},"end":{"line":19,"column":47}},"2":{"start":{"line":20,"column":4},"end":{"line":20,"column":30}},"3":{"start":{"line":21,"column":4},"end":{"line":21,"column":21}},"4":{"start":{"line":22,"column":4},"end":{"line":22,"column":18}},"5":{"start":{"line":32,"column":4},"end":{"line":32,"column":48}},"6":{"start":{"line":41,"column":4},"end":{"line":41,"column":47}}},"branchMap":{}},"contracts/parcelFactory.sol":{"l":{"29":0,"42":0,"43":0,"45":0,"46":0,"47":0,"48":0,"61":0,"62":0,"64":0,"65":0,"66":0,"67":0,"69":0,"70":0},"path":"/Users/mohamedhashimaslam/work/parcel/contractss-draft/contracts/parcelFactory.sol","s":{"1":0,"2":0,"3":0,"4":0,"5":0,"6":0,"7":0,"8":0,"9":0,"10":0,"11":0,"12":0,"13":0,"14":0,"15":0},"b":{"1":[0,0],"2":[0,0]},"f":{"1":0,"2":0,"3":0},"fnMap":{"1":{"name":"constructor","line":28,"loc":{"start":{"line":28,"column":2},"end":{"line":30,"column":2}}},"2":{"name":"build","line":37,"loc":{"start":{"line":37,"column":2},"end":{"line":49,"column":2}}},"3":{"name":"buildAndexecute","line":56,"loc":{"start":{"line":56,"column":2},"end":{"line":71,"column":2}}}},"statementMap":{"1":{"start":{"line":29,"column":4},"end":{"line":29,"column":23}},"2":{"start":{"line":42,"column":4},"end":{"line":42,"column":72}},"3":{"start":{"line":43,"column":4},"end":{"line":43,"column":59}},"4":{"start":{"line":45,"column":4},"end":{"line":45,"column":49}},"5":{"start":{"line":46,"column":4},"end":{"line":46,"column":37}},"6":{"start":{"line":47,"column":4},"end":{"line":47,"column":56}},"7":{"start":{"line":48,"column":4},"end":{"line":48,"column":19}},"8":{"start":{"line":61,"column":4},"end":{"line":61,"column":72}},"9":{"start":{"line":62,"column":4},"end":{"line":62,"column":59}},"10":{"start":{"line":64,"column":4},"end":{"line":64,"column":49}},"11":{"start":{"line":65,"column":4},"end":{"line":65,"column":29}},"12":{"start":{"line":66,"column":4},"end":{"line":66,"column":2588}},"13":{"start":{"line":67,"column":6},"end":{"line":67,"column":42}},"14":{"start":{"line":69,"column":4},"end":{"line":69,"column":56}},"15":{"start":{"line":70,"column":4},"end":{"line":70,"column":19}}},"branchMap":{"1":{"line":43,"type":"if","locations":[{"start":{"line":43,"column":4},"end":{"line":43,"column":4}},{"start":{"line":43,"column":4},"end":{"line":43,"column":4}}]},"2":{"line":62,"type":"if","locations":[{"start":{"line":62,"column":4},"end":{"line":62,"column":4}},{"start":{"line":62,"column":4},"end":{"line":62,"column":4}}]}}},"contracts/registry.sol":{"l":{"37":0,"38":0,"39":0,"40":0,"42":0,"43":0,"50":0,"51":0,"52":0,"53":0,"65":0,"66":0,"67":0},"path":"/Users/mohamedhashimaslam/work/parcel/contractss-draft/contracts/registry.sol","s":{"1":0,"2":0,"3":0,"4":0,"5":0,"6":0,"7":0,"8":0,"9":0,"10":0,"11":0,"12":0,"13":0},"b":{"1":[0,0],"2":[0,0],"3":[0,0],"4":[0,0],"5":[0,0],"6":[0,0]},"f":{"1":0,"2":0,"3":0},"fnMap":{"1":{"name":"addModule","line":34,"loc":{"start":{"line":32,"column":2},"end":{"line":44,"column":2}}},"2":{"name":"toggle","line":49,"loc":{"start":{"line":49,"column":2},"end":{"line":59,"column":2}}},"3":{"name":"getModuleAddress","line":64,"loc":{"start":{"line":64,"column":2},"end":{"line":68,"column":2}}}},"statementMap":{"1":{"start":{"line":37,"column":4},"end":{"line":37,"column":64}},"2":{"start":{"line":38,"column":4},"end":{"line":38,"column":52}},"3":{"start":{"line":39,"column":4},"end":{"line":39,"column":31}},"4":{"start":{"line":40,"column":4},"end":{"line":40,"column":36}},"5":{"start":{"line":42,"column":4},"end":{"line":42,"column":57}},"6":{"start":{"line":43,"column":4},"end":{"line":43,"column":15}},"7":{"start":{"line":50,"column":4},"end":{"line":50,"column":66}},"8":{"start":{"line":51,"column":4},"end":{"line":51,"column":72}},"9":{"start":{"line":52,"column":4},"end":{"line":52,"column":38}},"10":{"start":{"line":53,"column":4},"end":{"line":53,"column":1778}},"11":{"start":{"line":65,"column":4},"end":{"line":65,"column":66}},"12":{"start":{"line":66,"column":4},"end":{"line":66,"column":65}},"13":{"start":{"line":67,"column":4},"end":{"line":67,"column":32}}},"branchMap":{"1":{"line":37,"type":"if","locations":[{"start":{"line":37,"column":4},"end":{"line":37,"column":4}},{"start":{"line":37,"column":4},"end":{"line":37,"column":4}}]},"2":{"line":38,"type":"if","locations":[{"start":{"line":38,"column":4},"end":{"line":38,"column":4}},{"start":{"line":38,"column":4},"end":{"line":38,"column":4}}]},"3":{"line":50,"type":"if","locations":[{"start":{"line":50,"column":4},"end":{"line":50,"column":4}},{"start":{"line":50,"column":4},"end":{"line":50,"column":4}}]},"4":{"line":51,"type":"if","locations":[{"start":{"line":51,"column":4},"end":{"line":51,"column":4}},{"start":{"line":51,"column":4},"end":{"line":51,"column":4}}]},"5":{"line":65,"type":"if","locations":[{"start":{"line":65,"column":4},"end":{"line":65,"column":4}},{"start":{"line":65,"column":4},"end":{"line":65,"column":4}}]},"6":{"line":66,"type":"if","locations":[{"start":{"line":66,"column":4},"end":{"line":66,"column":4}},{"start":{"line":66,"column":4},"end":{"line":66,"column":4}}]}}}}